<?xml version="1.0" encoding="UTF-8"?>
<testng-results skipped="0" failed="0" ignored="0" total="1" passed="1">
  <reporter-output>
  </reporter-output>
  <suite name="SuiteOne" duration-ms="14874" started-at="2018-09-27T08:01:17Z" finished-at="2018-09-27T08:01:31Z">
    <groups>
    </groups>
    <test name="FirstTest" duration-ms="14874" started-at="2018-09-27T08:01:17Z" finished-at="2018-09-27T08:01:31Z">
      <class name="org.westagilelabs.framework.LoginTest">
        <test-method status="PASS" signature="myTest()[pri:0, instance:org.westagilelabs.framework.LoginTest@20322d26]" name="myTest" duration-ms="14824" started-at="2018-09-27T08:01:17Z" finished-at="2018-09-27T08:01:31Z">
          <reporter-output>
          </reporter-output>
        </test-method> <!-- myTest -->
        <test-method status="PASS" signature="close()[pri:0, instance:org.westagilelabs.framework.LoginTest@20322d26]" name="close" is-config="true" duration-ms="1" started-at="2018-09-27T08:01:31Z" finished-at="2018-09-27T08:01:31Z">
          <reporter-output>
          </reporter-output>
        </test-method> <!-- close -->
      </class> <!-- org.westagilelabs.framework.LoginTest -->
    </test> <!-- FirstTest -->
  </suite> <!-- SuiteOne -->
</testng-results>
